Warning: ignoring unsupported tag `ALLOW_UNICODE_NAMES    =' at line 79, file Doxyfile
Warning: ignoring unsupported tag `TOC_INCLUDE_HEADINGS   =' at line 313, file Doxyfile
Warning: ignoring unsupported tag `GROUP_NESTED_COMPOUNDS =' at line 370, file Doxyfile
Warning: ignoring unsupported tag `HIDE_COMPOUND_REFERENCE=' at line 541, file Doxyfile
Warning: ignoring unsupported tag `WARN_AS_ERROR          =' at line 765, file Doxyfile
Warning: ignoring unsupported tag `LATEX_EXTRA_STYLESHEET =' at line 1743, file Doxyfile
Warning: ignoring unsupported tag `LATEX_TIMESTAMP        =' at line 1810, file Doxyfile
Warning: ignoring unsupported tag `RTF_SOURCE_CODE        =' at line 1876, file Doxyfile
Warning: ignoring unsupported tag `MAN_SUBDIR             =' at line 1911, file Doxyfile
Warning: ignoring unsupported tag `DOCBOOK_PROGRAMLISTING =' at line 1974, file Doxyfile
Warning: ignoring unsupported tag `PLANTUML_JAR_PATH      =' at line 2413, file Doxyfile
Warning: ignoring unsupported tag `PLANTUML_INCLUDE_PATH  =' at line 2418, file Doxyfile
error: Tag file `util/docs/qtcore.tags' does not exist or is not a file. Skipping it...
error: Tag file `util/docs/qtsvg.tags' does not exist or is not a file. Skipping it...
error: Tag file `util/docs/qtxmlpatterns.tags' does not exist or is not a file. Skipping it...
error: Tag file `/usr/share/qt5/doc/qtcore/qtcore.tags' does not exist or is not a file. Skipping it...
error: Tag file `/usr/share/qt5/doc/qtsvg/qtsvg.tags' does not exist or is not a file. Skipping it...
error: Tag file `/usr/share/qt5/doc/qtxmlpatterns/qtxmlpatterns.tags' does not exist or is not a file. Skipping it...
error: Tag file `/usr/share/doc/qt/qtcore/qtcore.tags' does not exist or is not a file. Skipping it...
error: Tag file `/usr/share/doc/qt/qtsvg/qtsvg.tags' does not exist or is not a file. Skipping it...
error: Tag file `/usr/share/doc/qt/qtxmlpatterns/qtxmlpatterns.tags' does not exist or is not a file. Skipping it...
Searching for include files...
Searching for example files...
Searching for images...
Searching for dot files...
Searching for msc files...
Searching for dia files...
Searching for files to exclude
Searching for files to process...
Searching for files in directory /__w/pencil2d/pencil2d/app
Searching for files in directory /__w/pencil2d/pencil2d/app/data
Searching for files in directory /__w/pencil2d/pencil2d/app/data/background
Searching for files in directory /__w/pencil2d/pencil2d/app/data/icons
Searching for files in directory /__w/pencil2d/pencil2d/app/data/icons/controls
Searching for files in directory /__w/pencil2d/pencil2d/app/data/icons/new
Searching for files in directory /__w/pencil2d/pencil2d/app/data/icons/new/svg
Searching for files in directory /__w/pencil2d/pencil2d/app/data/icons/unused
Searching for files in directory /__w/pencil2d/pencil2d/app/src
Searching for files in directory /__w/pencil2d/pencil2d/app/ui
Searching for files in directory /__w/pencil2d/pencil2d/core_lib
Searching for files in directory /__w/pencil2d/pencil2d/core_lib/data
Searching for files in directory /__w/pencil2d/pencil2d/core_lib/data/icons
Searching for files in directory /__w/pencil2d/pencil2d/core_lib/data/resources
Searching for files in directory /__w/pencil2d/pencil2d/core_lib/src
Searching for files in directory /__w/pencil2d/pencil2d/core_lib/src/external
Searching for files in directory /__w/pencil2d/pencil2d/core_lib/src/external/linux
Searching for files in directory /__w/pencil2d/pencil2d/core_lib/src/external/macosx
Searching for files in directory /__w/pencil2d/pencil2d/core_lib/src/external/win32
Searching for files in directory /__w/pencil2d/pencil2d/core_lib/src/graphics
Searching for files in directory /__w/pencil2d/pencil2d/core_lib/src/graphics/bitmap
Searching for files in directory /__w/pencil2d/pencil2d/core_lib/src/graphics/vector
Searching for files in directory /__w/pencil2d/pencil2d/core_lib/src/interface
Searching for files in directory /__w/pencil2d/pencil2d/core_lib/src/managers
Searching for files in directory /__w/pencil2d/pencil2d/core_lib/src/structure
Searching for files in directory /__w/pencil2d/pencil2d/core_lib/src/tool
Searching for files in directory /__w/pencil2d/pencil2d/core_lib/src/util
Searching for files in directory /__w/pencil2d/pencil2d/core_lib/ui
Searching for files in directory /__w/pencil2d/pencil2d/tests
Searching for files in directory /__w/pencil2d/pencil2d/tests/src
Searching for files in directory /__w/pencil2d/pencil2d/docs
Reading and parsing tag files
Parsing files
Preprocessing /__w/pencil2d/pencil2d/app/src/aboutdialog.cpp...
Parsing file /__w/pencil2d/pencil2d/app/src/aboutdialog.cpp...
Preprocessing /__w/pencil2d/pencil2d/app/src/aboutdialog.h...
Parsing file /__w/pencil2d/pencil2d/app/src/aboutdialog.h...
Preprocessing /__w/pencil2d/pencil2d/app/src/actioncommands.cpp...
Parsing file /__w/pencil2d/pencil2d/app/src/actioncommands.cpp...
Preprocessing /__w/pencil2d/pencil2d/app/src/actioncommands.h...
Parsing file /__w/pencil2d/pencil2d/app/src/actioncommands.h...
Preprocessing /__w/pencil2d/pencil2d/app/src/app-pch.h...
Parsing file /__w/pencil2d/pencil2d/app/src/app-pch.h...
Preprocessing /__w/pencil2d/pencil2d/app/src/app_util.h...
Parsing file /__w/pencil2d/pencil2d/app/src/app_util.h...
Preprocessing /__w/pencil2d/pencil2d/app/src/checkupdatesdialog.cpp...
Parsing file /__w/pencil2d/pencil2d/app/src/checkupdatesdialog.cpp...
Preprocessing /__w/pencil2d/pencil2d/app/src/checkupdatesdialog.h...
Parsing file /__w/pencil2d/pencil2d/app/src/checkupdatesdialog.h...
Preprocessing /__w/pencil2d/pencil2d/app/src/colorbox.cpp...
Parsing file /__w/pencil2d/pencil2d/app/src/colorbox.cpp...
Preprocessing /__w/pencil2d/pencil2d/app/src/colorbox.h...
Parsing file /__w/pencil2d/pencil2d/app/src/colorbox.h...
Preprocessing /__w/pencil2d/pencil2d/app/src/colorinspector.cpp...
Parsing file /__w/pencil2d/pencil2d/app/src/colorinspector.cpp...
Preprocessing /__w/pencil2d/pencil2d/app/src/colorinspector.h...
Parsing file /__w/pencil2d/pencil2d/app/src/colorinspector.h...
Preprocessing /__w/pencil2d/pencil2d/app/src/colorpalettewidget.cpp...
Parsing file /__w/pencil2d/pencil2d/app/src/colorpalettewidget.cpp...
Preprocessing /__w/pencil2d/pencil2d/app/src/colorpalettewidget.h...
Parsing file /__w/pencil2d/pencil2d/app/src/colorpalettewidget.h...
Preprocessing /__w/pencil2d/pencil2d/app/src/colorslider.cpp...
Parsing file /__w/pencil2d/pencil2d/app/src/colorslider.cpp...
Preprocessing /__w/pencil2d/pencil2d/app/src/colorslider.h...
Parsing file /__w/pencil2d/pencil2d/app/src/colorslider.h...
Preprocessing /__w/pencil2d/pencil2d/app/src/colorwheel.cpp...
Parsing file /__w/pencil2d/pencil2d/app/src/colorwheel.cpp...
Preprocessing /__w/pencil2d/pencil2d/app/src/colorwheel.h...
Parsing file /__w/pencil2d/pencil2d/app/src/colorwheel.h...
Preprocessing /__w/pencil2d/pencil2d/app/src/displayoptionwidget.cpp...
Parsing file /__w/pencil2d/pencil2d/app/src/displayoptionwidget.cpp...
Preprocessing /__w/pencil2d/pencil2d/app/src/displayoptionwidget.h...
Parsing file /__w/pencil2d/pencil2d/app/src/displayoptionwidget.h...
Preprocessing /__w/pencil2d/pencil2d/app/src/doubleprogressdialog.cpp...
Parsing file /__w/pencil2d/pencil2d/app/src/doubleprogressdialog.cpp...
Preprocessing /__w/pencil2d/pencil2d/app/src/doubleprogressdialog.h...
Parsing file /__w/pencil2d/pencil2d/app/src/doubleprogressdialog.h...
Preprocessing /__w/pencil2d/pencil2d/app/src/errordialog.cpp...
Parsing file /__w/pencil2d/pencil2d/app/src/errordialog.cpp...
Preprocessing /__w/pencil2d/pencil2d/app/src/errordialog.h...
Parsing file /__w/pencil2d/pencil2d/app/src/errordialog.h...
Preprocessing /__w/pencil2d/pencil2d/app/src/exportimagedialog.cpp...
Parsing file /__w/pencil2d/pencil2d/app/src/exportimagedialog.cpp...
Preprocessing /__w/pencil2d/pencil2d/app/src/exportimagedialog.h...
Parsing file /__w/pencil2d/pencil2d/app/src/exportimagedialog.h...
Preprocessing /__w/pencil2d/pencil2d/app/src/exportmoviedialog.cpp...
Parsing file /__w/pencil2d/pencil2d/app/src/exportmoviedialog.cpp...
Preprocessing /__w/pencil2d/pencil2d/app/src/exportmoviedialog.h...
Parsing file /__w/pencil2d/pencil2d/app/src/exportmoviedialog.h...
Preprocessing /__w/pencil2d/pencil2d/app/src/filedialogex.cpp...
Parsing file /__w/pencil2d/pencil2d/app/src/filedialogex.cpp...
Preprocessing /__w/pencil2d/pencil2d/app/src/filedialogex.h...
Parsing file /__w/pencil2d/pencil2d/app/src/filedialogex.h...
Preprocessing /__w/pencil2d/pencil2d/app/src/importexportdialog.cpp...
Parsing file /__w/pencil2d/pencil2d/app/src/importexportdialog.cpp...
Preprocessing /__w/pencil2d/pencil2d/app/src/importexportdialog.h...
Parsing file /__w/pencil2d/pencil2d/app/src/importexportdialog.h...
Preprocessing /__w/pencil2d/pencil2d/app/src/importimageseqdialog.cpp...
Parsing file /__w/pencil2d/pencil2d/app/src/importimageseqdialog.cpp...
Preprocessing /__w/pencil2d/pencil2d/app/src/importimageseqdialog.h...
Parsing file /__w/pencil2d/pencil2d/app/src/importimageseqdialog.h...
Preprocessing /__w/pencil2d/pencil2d/app/src/importlayersdialog.cpp...
Parsing file /__w/pencil2d/pencil2d/app/src/importlayersdialog.cpp...
Preprocessing /__w/pencil2d/pencil2d/app/src/importlayersdialog.h...
Parsing file /__w/pencil2d/pencil2d/app/src/importlayersdialog.h...
Preprocessing /__w/pencil2d/pencil2d/app/src/importpositiondialog.cpp...
Parsing file /__w/pencil2d/pencil2d/app/src/importpositiondialog.cpp...
Preprocessing /__w/pencil2d/pencil2d/app/src/importpositiondialog.h...
Parsing file /__w/pencil2d/pencil2d/app/src/importpositiondialog.h...
Preprocessing /__w/pencil2d/pencil2d/app/src/main.cpp...
Parsing file /__w/pencil2d/pencil2d/app/src/main.cpp...
Preprocessing /__w/pencil2d/pencil2d/app/src/mainwindow2.cpp...
Parsing file /__w/pencil2d/pencil2d/app/src/mainwindow2.cpp...
Preprocessing /__w/pencil2d/pencil2d/app/src/mainwindow2.h...
Parsing file /__w/pencil2d/pencil2d/app/src/mainwindow2.h...
Preprocessing /__w/pencil2d/pencil2d/app/src/onionskinwidget.cpp...
Parsing file /__w/pencil2d/pencil2d/app/src/onionskinwidget.cpp...
Preprocessing /__w/pencil2d/pencil2d/app/src/onionskinwidget.h...
Parsing file /__w/pencil2d/pencil2d/app/src/onionskinwidget.h...
Preprocessing /__w/pencil2d/pencil2d/app/src/pegbaralignmentdialog.cpp...
Parsing file /__w/pencil2d/pencil2d/app/src/pegbaralignmentdialog.cpp...
Preprocessing /__w/pencil2d/pencil2d/app/src/pegbaralignmentdialog.h...
Parsing file /__w/pencil2d/pencil2d/app/src/pegbaralignmentdialog.h...
Preprocessing /__w/pencil2d/pencil2d/app/src/pencilapplication.cpp...
Parsing file /__w/pencil2d/pencil2d/app/src/pencilapplication.cpp...
Preprocessing /__w/pencil2d/pencil2d/app/src/pencilapplication.h...
Parsing file /__w/pencil2d/pencil2d/app/src/pencilapplication.h...
Preprocessing /__w/pencil2d/pencil2d/app/src/popupcolorpalettewidget.cpp...
Parsing file /__w/pencil2d/pencil2d/app/src/popupcolorpalettewidget.cpp...
Preprocessing /__w/pencil2d/pencil2d/app/src/popupcolorpalettewidget.h...
Parsing file /__w/pencil2d/pencil2d/app/src/popupcolorpalettewidget.h...
Preprocessing /__w/pencil2d/pencil2d/app/src/predefinedsetmodel.cpp...
Parsing file /__w/pencil2d/pencil2d/app/src/predefinedsetmodel.cpp...
Preprocessing /__w/pencil2d/pencil2d/app/src/predefinedsetmodel.h...
Parsing file /__w/pencil2d/pencil2d/app/src/predefinedsetmodel.h...
Preprocessing /__w/pencil2d/pencil2d/app/src/preferencesdialog.cpp...
Parsing file /__w/pencil2d/pencil2d/app/src/preferencesdialog.cpp...
Preprocessing /__w/pencil2d/pencil2d/app/src/preferencesdialog.h...
Parsing file /__w/pencil2d/pencil2d/app/src/preferencesdialog.h...
Preprocessing /__w/pencil2d/pencil2d/app/src/presetdialog.cpp...
Parsing file /__w/pencil2d/pencil2d/app/src/presetdialog.cpp...
Preprocessing /__w/pencil2d/pencil2d/app/src/presetdialog.h...
Parsing file /__w/pencil2d/pencil2d/app/src/presetdialog.h...
Preprocessing /__w/pencil2d/pencil2d/app/src/preview.cpp...
Parsing file /__w/pencil2d/pencil2d/app/src/preview.cpp...
Preprocessing /__w/pencil2d/pencil2d/app/src/preview.h...
Parsing file /__w/pencil2d/pencil2d/app/src/preview.h...
Preprocessing /__w/pencil2d/pencil2d/app/src/shortcutfilter.cpp...
Parsing file /__w/pencil2d/pencil2d/app/src/shortcutfilter.cpp...
Preprocessing /__w/pencil2d/pencil2d/app/src/shortcutfilter.h...
Parsing file /__w/pencil2d/pencil2d/app/src/shortcutfilter.h...
Preprocessing /__w/pencil2d/pencil2d/app/src/shortcutspage.cpp...
Parsing file /__w/pencil2d/pencil2d/app/src/shortcutspage.cpp...
Preprocessing /__w/pencil2d/pencil2d/app/src/shortcutspage.h...
Parsing file /__w/pencil2d/pencil2d/app/src/shortcutspage.h...
Preprocessing /__w/pencil2d/pencil2d/app/src/spinslider.cpp...
Parsing file /__w/pencil2d/pencil2d/app/src/spinslider.cpp...
Preprocessing /__w/pencil2d/pencil2d/app/src/spinslider.h...
Parsing file /__w/pencil2d/pencil2d/app/src/spinslider.h...
Preprocessing /__w/pencil2d/pencil2d/app/src/timeline2.cpp...
Parsing file /__w/pencil2d/pencil2d/app/src/timeline2.cpp...
Preprocessing /__w/pencil2d/pencil2d/app/src/timeline2.h...
Parsing file /__w/pencil2d/pencil2d/app/src/timeline2.h...
Preprocessing /__w/pencil2d/pencil2d/app/src/toolbox.cpp...
Parsing file /__w/pencil2d/pencil2d/app/src/toolbox.cpp...
Preprocessing /__w/pencil2d/pencil2d/app/src/toolbox.h...
Parsing file /__w/pencil2d/pencil2d/app/src/toolbox.h...
Preprocessing /__w/pencil2d/pencil2d/app/src/tooloptionwidget.cpp...
Parsing file /__w/pencil2d/pencil2d/app/src/tooloptionwidget.cpp...
Preprocessing /__w/pencil2d/pencil2d/app/src/tooloptionwidget.h...
Parsing file /__w/pencil2d/pencil2d/app/src/tooloptionwidget.h...
Preprocessing /__w/pencil2d/pencil2d/core_lib/src/activeframepool.cpp...
Parsing file /__w/pencil2d/pencil2d/core_lib/src/activeframepool.cpp...
Preprocessing /__w/pencil2d/pencil2d/core_lib/src/activeframepool.h...
Parsing file /__w/pencil2d/pencil2d/core_lib/src/activeframepool.h...
Preprocessing /__w/pencil2d/pencil2d/core_lib/src/canvaspainter.cpp...
Parsing file /__w/pencil2d/pencil2d/core_lib/src/canvaspainter.cpp...
Preprocessing /__w/pencil2d/pencil2d/core_lib/src/canvaspainter.h...
Parsing file /__w/pencil2d/pencil2d/core_lib/src/canvaspainter.h...
Preprocessing /__w/pencil2d/pencil2d/core_lib/src/corelib-pch.h...
Parsing file /__w/pencil2d/pencil2d/core_lib/src/corelib-pch.h...
Preprocessing /__w/pencil2d/pencil2d/core_lib/src/external/linux/linux.cpp...
Parsing file /__w/pencil2d/pencil2d/core_lib/src/external/linux/linux.cpp...
Preprocessing /__w/pencil2d/pencil2d/core_lib/src/external/macosx/macosx.cpp...
Parsing file /__w/pencil2d/pencil2d/core_lib/src/external/macosx/macosx.cpp...
Preprocessing /__w/pencil2d/pencil2d/core_lib/src/external/macosx/macosxnative.h...
Parsing file /__w/pencil2d/pencil2d/core_lib/src/external/macosx/macosxnative.h...
Preprocessing /__w/pencil2d/pencil2d/core_lib/src/external/macosx/macosxnative.mm...
Parsing file /__w/pencil2d/pencil2d/core_lib/src/external/macosx/macosxnative.mm...
Preprocessing /__w/pencil2d/pencil2d/core_lib/src/external/platformhandler.h...
Parsing file /__w/pencil2d/pencil2d/core_lib/src/external/platformhandler.h...
Preprocessing /__w/pencil2d/pencil2d/core_lib/src/external/win32/win32.cpp...
Parsing file /__w/pencil2d/pencil2d/core_lib/src/external/win32/win32.cpp...
Preprocessing /__w/pencil2d/pencil2d/core_lib/src/graphics/bitmap/bitmapimage.cpp...
Parsing file /__w/pencil2d/pencil2d/core_lib/src/graphics/bitmap/bitmapimage.cpp...
Preprocessing /__w/pencil2d/pencil2d/core_lib/src/graphics/bitmap/bitmapimage.h...
Parsing file /__w/pencil2d/pencil2d/core_lib/src/graphics/bitmap/bitmapimage.h...
Preprocessing /__w/pencil2d/pencil2d/core_lib/src/graphics/vector/bezierarea.cpp...
Parsing file /__w/pencil2d/pencil2d/core_lib/src/graphics/vector/bezierarea.cpp...
Preprocessing /__w/pencil2d/pencil2d/core_lib/src/graphics/vector/bezierarea.h...
Parsing file /__w/pencil2d/pencil2d/core_lib/src/graphics/vector/bezierarea.h...
Preprocessing /__w/pencil2d/pencil2d/core_lib/src/graphics/vector/beziercurve.cpp...
Parsing file /__w/pencil2d/pencil2d/core_lib/src/graphics/vector/beziercurve.cpp...
Preprocessing /__w/pencil2d/pencil2d/core_lib/src/graphics/vector/beziercurve.h...
Parsing file /__w/pencil2d/pencil2d/core_lib/src/graphics/vector/beziercurve.h...
Preprocessing /__w/pencil2d/pencil2d/core_lib/src/graphics/vector/colorref.cpp...
Parsing file /__w/pencil2d/pencil2d/core_lib/src/graphics/vector/colorref.cpp...
Preprocessing /__w/pencil2d/pencil2d/core_lib/src/graphics/vector/colorref.h...
Parsing file /__w/pencil2d/pencil2d/core_lib/src/graphics/vector/colorref.h...
Preprocessing /__w/pencil2d/pencil2d/core_lib/src/graphics/vector/vectorimage.cpp...
Parsing file /__w/pencil2d/pencil2d/core_lib/src/graphics/vector/vectorimage.cpp...
Preprocessing /__w/pencil2d/pencil2d/core_lib/src/graphics/vector/vectorimage.h...
Parsing file /__w/pencil2d/pencil2d/core_lib/src/graphics/vector/vectorimage.h...
Preprocessing /__w/pencil2d/pencil2d/core_lib/src/graphics/vector/vectorselection.cpp...
Parsing file /__w/pencil2d/pencil2d/core_lib/src/graphics/vector/vectorselection.cpp...
Preprocessing /__w/pencil2d/pencil2d/core_lib/src/graphics/vector/vectorselection.h...
Parsing file /__w/pencil2d/pencil2d/core_lib/src/graphics/vector/vectorselection.h...
Preprocessing /__w/pencil2d/pencil2d/core_lib/src/graphics/vector/vertexref.cpp...
Parsing file /__w/pencil2d/pencil2d/core_lib/src/graphics/vector/vertexref.cpp...
Preprocessing /__w/pencil2d/pencil2d/core_lib/src/graphics/vector/vertexref.h...
Parsing file /__w/pencil2d/pencil2d/core_lib/src/graphics/vector/vertexref.h...
Preprocessing /__w/pencil2d/pencil2d/core_lib/src/interface/backgroundwidget.cpp...
Parsing file /__w/pencil2d/pencil2d/core_lib/src/interface/backgroundwidget.cpp...
Preprocessing /__w/pencil2d/pencil2d/core_lib/src/interface/backgroundwidget.h...
Parsing file /__w/pencil2d/pencil2d/core_lib/src/interface/backgroundwidget.h...
Preprocessing /__w/pencil2d/pencil2d/core_lib/src/interface/backupelement.h...
Parsing file /__w/pencil2d/pencil2d/core_lib/src/interface/backupelement.h...
Preprocessing /__w/pencil2d/pencil2d/core_lib/src/interface/basedockwidget.cpp...
Parsing file /__w/pencil2d/pencil2d/core_lib/src/interface/basedockwidget.cpp...
Preprocessing /__w/pencil2d/pencil2d/core_lib/src/interface/basedockwidget.h...
Parsing file /__w/pencil2d/pencil2d/core_lib/src/interface/basedockwidget.h...
Preprocessing /__w/pencil2d/pencil2d/core_lib/src/interface/editor.cpp...
Parsing file /__w/pencil2d/pencil2d/core_lib/src/interface/editor.cpp...
Preprocessing /__w/pencil2d/pencil2d/core_lib/src/interface/editor.h...
Parsing file /__w/pencil2d/pencil2d/core_lib/src/interface/editor.h...
Preprocessing /__w/pencil2d/pencil2d/core_lib/src/interface/flowlayout.cpp...
Parsing file /__w/pencil2d/pencil2d/core_lib/src/interface/flowlayout.cpp...
Preprocessing /__w/pencil2d/pencil2d/core_lib/src/interface/flowlayout.h...
Parsing file /__w/pencil2d/pencil2d/core_lib/src/interface/flowlayout.h...
Preprocessing /__w/pencil2d/pencil2d/core_lib/src/interface/recentfilemenu.cpp...
Parsing file /__w/pencil2d/pencil2d/core_lib/src/interface/recentfilemenu.cpp...
Preprocessing /__w/pencil2d/pencil2d/core_lib/src/interface/recentfilemenu.h...
Parsing file /__w/pencil2d/pencil2d/core_lib/src/interface/recentfilemenu.h...
Preprocessing /__w/pencil2d/pencil2d/core_lib/src/interface/scribblearea.cpp...
Parsing file /__w/pencil2d/pencil2d/core_lib/src/interface/scribblearea.cpp...
Preprocessing /__w/pencil2d/pencil2d/core_lib/src/interface/scribblearea.h...
Parsing file /__w/pencil2d/pencil2d/core_lib/src/interface/scribblearea.h...
Preprocessing /__w/pencil2d/pencil2d/core_lib/src/interface/timecontrols.cpp...
Parsing file /__w/pencil2d/pencil2d/core_lib/src/interface/timecontrols.cpp...
Preprocessing /__w/pencil2d/pencil2d/core_lib/src/interface/timecontrols.h...
Parsing file /__w/pencil2d/pencil2d/core_lib/src/interface/timecontrols.h...
Preprocessing /__w/pencil2d/pencil2d/core_lib/src/interface/timeline.cpp...
Parsing file /__w/pencil2d/pencil2d/core_lib/src/interface/timeline.cpp...
Preprocessing /__w/pencil2d/pencil2d/core_lib/src/interface/timeline.h...
Parsing file /__w/pencil2d/pencil2d/core_lib/src/interface/timeline.h...
Preprocessing /__w/pencil2d/pencil2d/core_lib/src/interface/timelinecells.cpp...
Parsing file /__w/pencil2d/pencil2d/core_lib/src/interface/timelinecells.cpp...
Preprocessing /__w/pencil2d/pencil2d/core_lib/src/interface/timelinecells.h...
Parsing file /__w/pencil2d/pencil2d/core_lib/src/interface/timelinecells.h...
Preprocessing /__w/pencil2d/pencil2d/core_lib/src/managers/basemanager.cpp...
Parsing file /__w/pencil2d/pencil2d/core_lib/src/managers/basemanager.cpp...
Preprocessing /__w/pencil2d/pencil2d/core_lib/src/managers/basemanager.h...
Parsing file /__w/pencil2d/pencil2d/core_lib/src/managers/basemanager.h...
Preprocessing /__w/pencil2d/pencil2d/core_lib/src/managers/colormanager.cpp...
Parsing file /__w/pencil2d/pencil2d/core_lib/src/managers/colormanager.cpp...
Preprocessing /__w/pencil2d/pencil2d/core_lib/src/managers/colormanager.h...
Parsing file /__w/pencil2d/pencil2d/core_lib/src/managers/colormanager.h...
Preprocessing /__w/pencil2d/pencil2d/core_lib/src/managers/layermanager.cpp...
Parsing file /__w/pencil2d/pencil2d/core_lib/src/managers/layermanager.cpp...
Preprocessing /__w/pencil2d/pencil2d/core_lib/src/managers/layermanager.h...
Parsing file /__w/pencil2d/pencil2d/core_lib/src/managers/layermanager.h...
Preprocessing /__w/pencil2d/pencil2d/core_lib/src/managers/playbackmanager.cpp...
Parsing file /__w/pencil2d/pencil2d/core_lib/src/managers/playbackmanager.cpp...
Preprocessing /__w/pencil2d/pencil2d/core_lib/src/managers/playbackmanager.h...
Parsing file /__w/pencil2d/pencil2d/core_lib/src/managers/playbackmanager.h...
Preprocessing /__w/pencil2d/pencil2d/core_lib/src/managers/preferencemanager.cpp...
Parsing file /__w/pencil2d/pencil2d/core_lib/src/managers/preferencemanager.cpp...
Preprocessing /__w/pencil2d/pencil2d/core_lib/src/managers/preferencemanager.h...
Parsing file /__w/pencil2d/pencil2d/core_lib/src/managers/preferencemanager.h...
Preprocessing /__w/pencil2d/pencil2d/core_lib/src/managers/selectionmanager.cpp...
Parsing file /__w/pencil2d/pencil2d/core_lib/src/managers/selectionmanager.cpp...
Preprocessing /__w/pencil2d/pencil2d/core_lib/src/managers/selectionmanager.h...
Parsing file /__w/pencil2d/pencil2d/core_lib/src/managers/selectionmanager.h...
Preprocessing /__w/pencil2d/pencil2d/core_lib/src/managers/soundmanager.cpp...
Parsing file /__w/pencil2d/pencil2d/core_lib/src/managers/soundmanager.cpp...
Preprocessing /__w/pencil2d/pencil2d/core_lib/src/managers/soundmanager.h...
Parsing file /__w/pencil2d/pencil2d/core_lib/src/managers/soundmanager.h...
Preprocessing /__w/pencil2d/pencil2d/core_lib/src/managers/toolmanager.cpp...
Parsing file /__w/pencil2d/pencil2d/core_lib/src/managers/toolmanager.cpp...
Preprocessing /__w/pencil2d/pencil2d/core_lib/src/managers/toolmanager.h...
Parsing file /__w/pencil2d/pencil2d/core_lib/src/managers/toolmanager.h...
Preprocessing /__w/pencil2d/pencil2d/core_lib/src/managers/viewmanager.cpp...
Parsing file /__w/pencil2d/pencil2d/core_lib/src/managers/viewmanager.cpp...
Preprocessing /__w/pencil2d/pencil2d/core_lib/src/managers/viewmanager.h...
Parsing file /__w/pencil2d/pencil2d/core_lib/src/managers/viewmanager.h...
Preprocessing /__w/pencil2d/pencil2d/core_lib/src/miniz.cpp...
Parsing file /__w/pencil2d/pencil2d/core_lib/src/miniz.cpp...
Preprocessing /__w/pencil2d/pencil2d/core_lib/src/miniz.h...
Parsing file /__w/pencil2d/pencil2d/core_lib/src/miniz.h...
Preprocessing /__w/pencil2d/pencil2d/core_lib/src/movieexporter.cpp...
Parsing file /__w/pencil2d/pencil2d/core_lib/src/movieexporter.cpp...
Preprocessing /__w/pencil2d/pencil2d/core_lib/src/movieexporter.h...
Parsing file /__w/pencil2d/pencil2d/core_lib/src/movieexporter.h...
Preprocessing /__w/pencil2d/pencil2d/core_lib/src/movieimporter.cpp...
Parsing file /__w/pencil2d/pencil2d/core_lib/src/movieimporter.cpp...
Preprocessing /__w/pencil2d/pencil2d/core_lib/src/movieimporter.h...
Parsing file /__w/pencil2d/pencil2d/core_lib/src/movieimporter.h...
Preprocessing /__w/pencil2d/pencil2d/core_lib/src/qminiz.cpp...
Parsing file /__w/pencil2d/pencil2d/core_lib/src/qminiz.cpp...
Preprocessing /__w/pencil2d/pencil2d/core_lib/src/qminiz.h...
Parsing file /__w/pencil2d/pencil2d/core_lib/src/qminiz.h...
Preprocessing /__w/pencil2d/pencil2d/core_lib/src/selectionpainter.cpp...
Parsing file /__w/pencil2d/pencil2d/core_lib/src/selectionpainter.cpp...
Preprocessing /__w/pencil2d/pencil2d/core_lib/src/selectionpainter.h...
Parsing file /__w/pencil2d/pencil2d/core_lib/src/selectionpainter.h...
Preprocessing /__w/pencil2d/pencil2d/core_lib/src/soundplayer.cpp...
Parsing file /__w/pencil2d/pencil2d/core_lib/src/soundplayer.cpp...
Preprocessing /__w/pencil2d/pencil2d/core_lib/src/soundplayer.h...
Parsing file /__w/pencil2d/pencil2d/core_lib/src/soundplayer.h...
Preprocessing /__w/pencil2d/pencil2d/core_lib/src/structure/camera.cpp...
Parsing file /__w/pencil2d/pencil2d/core_lib/src/structure/camera.cpp...
Preprocessing /__w/pencil2d/pencil2d/core_lib/src/structure/camera.h...
Parsing file /__w/pencil2d/pencil2d/core_lib/src/structure/camera.h...
Preprocessing /__w/pencil2d/pencil2d/core_lib/src/structure/filemanager.cpp...
Parsing file /__w/pencil2d/pencil2d/core_lib/src/structure/filemanager.cpp...
Preprocessing /__w/pencil2d/pencil2d/core_lib/src/structure/filemanager.h...
Parsing file /__w/pencil2d/pencil2d/core_lib/src/structure/filemanager.h...
Preprocessing /__w/pencil2d/pencil2d/core_lib/src/structure/keyframe.cpp...
Parsing file /__w/pencil2d/pencil2d/core_lib/src/structure/keyframe.cpp...
Preprocessing /__w/pencil2d/pencil2d/core_lib/src/structure/keyframe.h...
Parsing file /__w/pencil2d/pencil2d/core_lib/src/structure/keyframe.h...
Preprocessing /__w/pencil2d/pencil2d/core_lib/src/structure/layer.cpp...
Parsing file /__w/pencil2d/pencil2d/core_lib/src/structure/layer.cpp...
Preprocessing /__w/pencil2d/pencil2d/core_lib/src/structure/layer.h...
Parsing file /__w/pencil2d/pencil2d/core_lib/src/structure/layer.h...
Preprocessing /__w/pencil2d/pencil2d/core_lib/src/structure/layerbitmap.cpp...
Parsing file /__w/pencil2d/pencil2d/core_lib/src/structure/layerbitmap.cpp...
Preprocessing /__w/pencil2d/pencil2d/core_lib/src/structure/layerbitmap.h...
Parsing file /__w/pencil2d/pencil2d/core_lib/src/structure/layerbitmap.h...
Preprocessing /__w/pencil2d/pencil2d/core_lib/src/structure/layercamera.cpp...
Parsing file /__w/pencil2d/pencil2d/core_lib/src/structure/layercamera.cpp...
Preprocessing /__w/pencil2d/pencil2d/core_lib/src/structure/layercamera.h...
Parsing file /__w/pencil2d/pencil2d/core_lib/src/structure/layercamera.h...
Preprocessing /__w/pencil2d/pencil2d/core_lib/src/structure/layersound.cpp...
Parsing file /__w/pencil2d/pencil2d/core_lib/src/structure/layersound.cpp...
Preprocessing /__w/pencil2d/pencil2d/core_lib/src/structure/layersound.h...
Parsing file /__w/pencil2d/pencil2d/core_lib/src/structure/layersound.h...
Preprocessing /__w/pencil2d/pencil2d/core_lib/src/structure/layervector.cpp...
Parsing file /__w/pencil2d/pencil2d/core_lib/src/structure/layervector.cpp...
Preprocessing /__w/pencil2d/pencil2d/core_lib/src/structure/layervector.h...
Parsing file /__w/pencil2d/pencil2d/core_lib/src/structure/layervector.h...
Preprocessing /__w/pencil2d/pencil2d/core_lib/src/structure/object.cpp...
Parsing file /__w/pencil2d/pencil2d/core_lib/src/structure/object.cpp...
Preprocessing /__w/pencil2d/pencil2d/core_lib/src/structure/object.h...
Parsing file /__w/pencil2d/pencil2d/core_lib/src/structure/object.h...
Preprocessing /__w/pencil2d/pencil2d/core_lib/src/structure/objectdata.cpp...
Parsing file /__w/pencil2d/pencil2d/core_lib/src/structure/objectdata.cpp...
Preprocessing /__w/pencil2d/pencil2d/core_lib/src/structure/objectdata.h...
Parsing file /__w/pencil2d/pencil2d/core_lib/src/structure/objectdata.h...
Preprocessing /__w/pencil2d/pencil2d/core_lib/src/structure/soundclip.cpp...
Parsing file /__w/pencil2d/pencil2d/core_lib/src/structure/soundclip.cpp...
Preprocessing /__w/pencil2d/pencil2d/core_lib/src/structure/soundclip.h...
Parsing file /__w/pencil2d/pencil2d/core_lib/src/structure/soundclip.h...
Preprocessing /__w/pencil2d/pencil2d/core_lib/src/tool/basetool.cpp...
Parsing file /__w/pencil2d/pencil2d/core_lib/src/tool/basetool.cpp...
Preprocessing /__w/pencil2d/pencil2d/core_lib/src/tool/basetool.h...
Parsing file /__w/pencil2d/pencil2d/core_lib/src/tool/basetool.h...
Preprocessing /__w/pencil2d/pencil2d/core_lib/src/tool/brushtool.cpp...
Parsing file /__w/pencil2d/pencil2d/core_lib/src/tool/brushtool.cpp...
Preprocessing /__w/pencil2d/pencil2d/core_lib/src/tool/brushtool.h...
Parsing file /__w/pencil2d/pencil2d/core_lib/src/tool/brushtool.h...
Preprocessing /__w/pencil2d/pencil2d/core_lib/src/tool/buckettool.cpp...
Parsing file /__w/pencil2d/pencil2d/core_lib/src/tool/buckettool.cpp...
Preprocessing /__w/pencil2d/pencil2d/core_lib/src/tool/buckettool.h...
Parsing file /__w/pencil2d/pencil2d/core_lib/src/tool/buckettool.h...
Preprocessing /__w/pencil2d/pencil2d/core_lib/src/tool/erasertool.cpp...
Parsing file /__w/pencil2d/pencil2d/core_lib/src/tool/erasertool.cpp...
Preprocessing /__w/pencil2d/pencil2d/core_lib/src/tool/erasertool.h...
Parsing file /__w/pencil2d/pencil2d/core_lib/src/tool/erasertool.h...
Preprocessing /__w/pencil2d/pencil2d/core_lib/src/tool/eyedroppertool.cpp...
Parsing file /__w/pencil2d/pencil2d/core_lib/src/tool/eyedroppertool.cpp...
Preprocessing /__w/pencil2d/pencil2d/core_lib/src/tool/eyedroppertool.h...
Parsing file /__w/pencil2d/pencil2d/core_lib/src/tool/eyedroppertool.h...
Preprocessing /__w/pencil2d/pencil2d/core_lib/src/tool/handtool.cpp...
Parsing file /__w/pencil2d/pencil2d/core_lib/src/tool/handtool.cpp...
Preprocessing /__w/pencil2d/pencil2d/core_lib/src/tool/handtool.h...
Parsing file /__w/pencil2d/pencil2d/core_lib/src/tool/handtool.h...
Preprocessing /__w/pencil2d/pencil2d/core_lib/src/tool/movetool.cpp...
Parsing file /__w/pencil2d/pencil2d/core_lib/src/tool/movetool.cpp...
Preprocessing /__w/pencil2d/pencil2d/core_lib/src/tool/movetool.h...
Parsing file /__w/pencil2d/pencil2d/core_lib/src/tool/movetool.h...
Preprocessing /__w/pencil2d/pencil2d/core_lib/src/tool/penciltool.cpp...
Parsing file /__w/pencil2d/pencil2d/core_lib/src/tool/penciltool.cpp...
Preprocessing /__w/pencil2d/pencil2d/core_lib/src/tool/penciltool.h...
Parsing file /__w/pencil2d/pencil2d/core_lib/src/tool/penciltool.h...
Preprocessing /__w/pencil2d/pencil2d/core_lib/src/tool/pentool.cpp...
Parsing file /__w/pencil2d/pencil2d/core_lib/src/tool/pentool.cpp...
Preprocessing /__w/pencil2d/pencil2d/core_lib/src/tool/pentool.h...
Parsing file /__w/pencil2d/pencil2d/core_lib/src/tool/pentool.h...
Preprocessing /__w/pencil2d/pencil2d/core_lib/src/tool/polylinetool.cpp...
Parsing file /__w/pencil2d/pencil2d/core_lib/src/tool/polylinetool.cpp...
Preprocessing /__w/pencil2d/pencil2d/core_lib/src/tool/polylinetool.h...
Parsing file /__w/pencil2d/pencil2d/core_lib/src/tool/polylinetool.h...
Preprocessing /__w/pencil2d/pencil2d/core_lib/src/tool/selecttool.cpp...
Parsing file /__w/pencil2d/pencil2d/core_lib/src/tool/selecttool.cpp...
Preprocessing /__w/pencil2d/pencil2d/core_lib/src/tool/selecttool.h...
Parsing file /__w/pencil2d/pencil2d/core_lib/src/tool/selecttool.h...
Preprocessing /__w/pencil2d/pencil2d/core_lib/src/tool/smudgetool.cpp...
Parsing file /__w/pencil2d/pencil2d/core_lib/src/tool/smudgetool.cpp...
Preprocessing /__w/pencil2d/pencil2d/core_lib/src/tool/smudgetool.h...
Parsing file /__w/pencil2d/pencil2d/core_lib/src/tool/smudgetool.h...
Preprocessing /__w/pencil2d/pencil2d/core_lib/src/tool/strokemanager.cpp...
Parsing file /__w/pencil2d/pencil2d/core_lib/src/tool/strokemanager.cpp...
Preprocessing /__w/pencil2d/pencil2d/core_lib/src/tool/strokemanager.h...
Parsing file /__w/pencil2d/pencil2d/core_lib/src/tool/strokemanager.h...
Preprocessing /__w/pencil2d/pencil2d/core_lib/src/tool/stroketool.cpp...
Parsing file /__w/pencil2d/pencil2d/core_lib/src/tool/stroketool.cpp...
Preprocessing /__w/pencil2d/pencil2d/core_lib/src/tool/stroketool.h...
Parsing file /__w/pencil2d/pencil2d/core_lib/src/tool/stroketool.h...
Preprocessing /__w/pencil2d/pencil2d/core_lib/src/util/blitrect.cpp...
Parsing file /__w/pencil2d/pencil2d/core_lib/src/util/blitrect.cpp...
Preprocessing /__w/pencil2d/pencil2d/core_lib/src/util/blitrect.h...
Parsing file /__w/pencil2d/pencil2d/core_lib/src/util/blitrect.h...
Preprocessing /__w/pencil2d/pencil2d/core_lib/src/util/bspline.cpp...
Parsing file /__w/pencil2d/pencil2d/core_lib/src/util/bspline.cpp...
Preprocessing /__w/pencil2d/pencil2d/core_lib/src/util/colordictionary.h...
Parsing file /__w/pencil2d/pencil2d/core_lib/src/util/colordictionary.h...
Preprocessing /__w/pencil2d/pencil2d/core_lib/src/util/fileformat.cpp...
Parsing file /__w/pencil2d/pencil2d/core_lib/src/util/fileformat.cpp...
Preprocessing /__w/pencil2d/pencil2d/core_lib/src/util/fileformat.h...
Parsing file /__w/pencil2d/pencil2d/core_lib/src/util/fileformat.h...
Preprocessing /__w/pencil2d/pencil2d/core_lib/src/util/filetype.h...
Parsing file /__w/pencil2d/pencil2d/core_lib/src/util/filetype.h...
Preprocessing /__w/pencil2d/pencil2d/core_lib/src/util/log.cpp...
Parsing file /__w/pencil2d/pencil2d/core_lib/src/util/log.cpp...
Preprocessing /__w/pencil2d/pencil2d/core_lib/src/util/log.h...
Parsing file /__w/pencil2d/pencil2d/core_lib/src/util/log.h...
Preprocessing /__w/pencil2d/pencil2d/core_lib/src/util/mathutils.h...
Parsing file /__w/pencil2d/pencil2d/core_lib/src/util/mathutils.h...
Preprocessing /__w/pencil2d/pencil2d/core_lib/src/util/movemode.h...
Parsing file /__w/pencil2d/pencil2d/core_lib/src/util/movemode.h...
Preprocessing /__w/pencil2d/pencil2d/core_lib/src/util/pencildef.h...
Parsing file /__w/pencil2d/pencil2d/core_lib/src/util/pencildef.h...
Preprocessing /__w/pencil2d/pencil2d/core_lib/src/util/pencilerror.cpp...
Parsing file /__w/pencil2d/pencil2d/core_lib/src/util/pencilerror.cpp...
Preprocessing /__w/pencil2d/pencil2d/core_lib/src/util/pencilerror.h...
Parsing file /__w/pencil2d/pencil2d/core_lib/src/util/pencilerror.h...
Preprocessing /__w/pencil2d/pencil2d/core_lib/src/util/pencilsettings.cpp...
Parsing file /__w/pencil2d/pencil2d/core_lib/src/util/pencilsettings.cpp...
Preprocessing /__w/pencil2d/pencil2d/core_lib/src/util/pencilsettings.h...
Parsing file /__w/pencil2d/pencil2d/core_lib/src/util/pencilsettings.h...
Preprocessing /__w/pencil2d/pencil2d/core_lib/src/util/pointerevent.cpp...
Parsing file /__w/pencil2d/pencil2d/core_lib/src/util/pointereven/__w/pencil2d/pencil2d/core_lib/src/util/bspline.cpp:33: warning: documented symbol `void BSpline::interpolate_quad' was not declared or defined.
/__w/pencil2d/pencil2d/core_lib/src/util/bspline.cpp:52: warning: documented symbol `void BSpline::interpolate_quad' was not declared or defined.
t.cpp...
Preprocessing /__w/pencil2d/pencil2d/core_lib/src/util/pointerevent.h...
Parsing file /__w/pencil2d/pencil2d/core_lib/src/util/pointerevent.h...
Preprocessing /__w/pencil2d/pencil2d/core_lib/src/util/util.cpp...
Parsing file /__w/pencil2d/pencil2d/core_lib/src/util/util.cpp...
Preprocessing /__w/pencil2d/pencil2d/core_lib/src/util/util.h...
Parsing file /__w/pencil2d/pencil2d/core_lib/src/util/util.h...
Preprocessing /__w/pencil2d/pencil2d/tests/src/catch.hpp...
Parsing file /__w/pencil2d/pencil2d/tests/src/catch.hpp...
Preprocessing /__w/pencil2d/pencil2d/tests/src/main.cpp...
Parsing file /__w/pencil2d/pencil2d/tests/src/main.cpp...
Preprocessing /__w/pencil2d/pencil2d/tests/src/test_bitmapimage.cpp...
Parsing file /__w/pencil2d/pencil2d/tests/src/test_bitmapimage.cpp...
Preprocessing /__w/pencil2d/pencil2d/tests/src/test_colormanager.cpp...
Parsing file /__w/pencil2d/pencil2d/tests/src/test_colormanager.cpp...
Preprocessing /__w/pencil2d/pencil2d/tests/src/test_filemanager.cpp...
Parsing file /__w/pencil2d/pencil2d/tests/src/test_filemanager.cpp...
Preprocessing /__w/pencil2d/pencil2d/tests/src/test_layer.cpp...
Parsing file /__w/pencil2d/pencil2d/tests/src/test_layer.cpp...
Preprocessing /__w/pencil2d/pencil2d/tests/src/test_layermanager.cpp...
Parsing file /__w/pencil2d/pencil2d/tests/src/test_layermanager.cpp...
Preprocessing /__w/pencil2d/pencil2d/tests/src/test_object.cpp...
Parsing file /__w/pencil2d/pencil2d/tests/src/test_object.cpp...
Preprocessing /__w/pencil2d/pencil2d/tests/src/test_viewmanager.cpp...
Parsing file /__w/pencil2d/pencil2d/tests/src/test_viewmanager.cpp...
Reading /__w/pencil2d/pencil2d/docs/build-options.md...
Reading /__w/pencil2d/pencil2d/docs/build_linux.md...
Reading /__w/pencil2d/pencil2d/docs/build_mac.md...
Reading /__w/pencil2d/pencil2d/docs/build_win.md...
Reading /__w/pencil2d/pencil2d/docs/dive-into-code.md...
Reading /__w/pencil2d/pencil2d/docs/main.md...
Building group list...
Building directory list...
Building namespace list...
Building file list...
Building class list...
Associating documentation with classes...
Computing nesting relations for classes...
Building example list...
Searching for enumerations...
Searching for documented typedefs...
Searching for members imported via using declarations...
Searching for included using directives...
Searching for documented variables...
Building interface member list...
Building member list...
Searching for friends...
Searching for documented defines...
Computing class inheritance relations...
Computing class usage relations...
Flushing cached template relations that have become invalid...
Creating members for template instances...
Computing class relations...
Add enum values to enums...
Searching for member function documentation...
Building page list...
Search for main page...
Computing page relations...
Determining the scope of groups...
Sorting lists...
Freeing entry tree
Determining which enums are documented
Computing member relations...
Building full member lists recursively...
Adding members to member groups.
Computing member references...
Inheriting documentation...
Generating disk names...
Adding source references...
Adding xrefitems...
Sorting member lists...
Computing dependencies between directories...
Generating citations page...
Counting data structures...
Resolving user defined references...
Finding anchors and sections in the documentation...
Transferring function references...
Combining using relations...
Adding members to index pages...
Generating style sheet...
Generating search indices...
Generating example documentation...
Generating file sources...
Generating code for file app/src/aboutdialog.cpp...
Generating code for file app/src/aboutdialog.h...
Generating code for file app/src/actioncommands.cpp...
Generating code for file app/src/actioncommands.h...
Generating code for file app/src/app-pch.h...
Generating code for file app/src/app_util.h...
Generating code for file app/src/checkupdatesdialog.cpp...
Generating code for file app/src/checkupdatesdialog.h...
Generating code for file app/src/colorbox.cpp...
Generating code for file app/src/colorbox.h...
Generating code for file app/src/colorinspector.cpp...
Generating code for file app/src/colorinspector.h...
Generating code for file app/src/colorpalettewidget.cpp...
Generating code for file app/src/colorpalettewidget.h...
Generating code for file app/src/colorslider.cpp...
Generating code for file app/src/colorslider.h...
Generating code for file app/src/colorwheel.cpp...
Generating code for file app/src/colorwheel.h...
Generating code for file app/src/displayoptionwidget.cpp...
Generating code for file app/src/displayoptionwidget.h...
Generating code for file app/src/doubleprogressdialog.cpp...
Generating code for file app/src/doubleprogressdialog.h...
Generating code for file app/src/errordialog.cpp...
Generating code for file app/src/errordialog.h...
Generating code for file app/src/exportimagedialog.cpp...
Generating code for file app/src/exportimagedialog.h...
Generating code for file app/src/exportmoviedialog.cpp...
Generating code for file app/src/exportmoviedialog.h...
Generating code for file app/src/filedialogex.cpp...
Generating code for file app/src/filedialogex.h...
Generating code for file app/src/importexportdialog.cpp...
Generating code for file app/src/importexportdialog.h...
Generating code for file app/src/importimageseqdialog.cpp...
Generating code for file app/src/importimageseqdialog.h...
Generating code for file app/src/importlayersdialog.cpp...
Generating code for file app/src/importlayersdialog.h...
Generating code for file app/src/importpositiondialog.cpp...
Generating code for file app/src/importpositiondialog.h...
Generating code for file app/src/main.cpp...
Generating code for file tests/src/main.cpp...
Generating code for file app/src/mainwindow2.cpp...
Generating code for file app/src/mainwindow2.h...
Generating code for file app/src/onionskinwidget.cpp...
Generating code for file app/src/onionskinwidget.h...
Generating code for file app/src/pegbaralignmentdialog.cpp...
Generating code for file app/src/pegbaralignmentdialog.h...
Generating code for file app/src/pencilapplication.cpp...
Generating code for file app/src/pencilapplication.h...
Generating code for file app/src/popupcolorpalettewidget.cpp...
Generating code for file app/src/popupcolorpalettewidget.h...
Generating code for file app/src/predefinedsetmodel.cpp...
Generating code for file app/src/predefinedsetmodel.h...
Generating code for file app/src/preferencesdialog.cpp...
Generating code for file app/src/preferencesdialog.h...
Generating code for file app/src/presetdialog.cpp...
Generating code for file app/src/presetdialog.h...
Generating code for file app/src/preview.cpp...
Generating code for file app/src/preview.h...
Generating code for file app/src/shortcutfilter.cpp...
Generating code for file app/src/shortcutfilter.h...
Generating code for file app/src/shortcutspage.cpp...
Generating code for file app/src/shortcutspage.h...
Generating code for file app/src/spinslider.cpp...
Generating code for file app/src/spinslider.h...
Generating code for file app/src/timeline2.cpp...
Generating code for file app/src/timeline2.h...
Generating code for file app/src/toolbox.cpp...
Generating code for file app/src/toolbox.h...
Generating code for file app/src/tooloptionwidget.cpp...
Generating code for file app/src/tooloptionwidget.h...
Generating code for file core_lib/src/activeframepool.cpp...
Generating code for file core_lib/src/activeframepool.h...
Generating code for file core_lib/src/canvaspainter.cpp...
Generating code for file core_lib/src/canvaspainter.h...
Generating code for file core_lib/src/corelib-pch.h...
Generating code for file core_lib/src/external/linux/linux.cpp...
Generating code for file core_lib/src/external/macosx/macosx.cpp...
Generating code for file core_lib/src/external/macosx/macosxnative.h...
Generating code for file core_lib/src/external/macosx/macosxnative.mm...
Generating code for file core_lib/src/external/platformhandler.h...
Generating code for file core_lib/src/external/win32/win32.cpp...
Generating code for file core_lib/src/graphics/bitmap/bitmapimage.cpp...
Generating code for file core_lib/src/graphics/bitmap/bitmapimage.h...
Generating code for file core_lib/src/graphics/vector/bezierarea.cpp...
Generating code for file core_lib/src/graphics/vector/bezierarea.h...
Generating code for file core_lib/src/graphics/vector/beziercurve.cpp...
Generating code for file core_lib/src/graphics/vector/beziercurve.h...
Generating code for file core_lib/src/graphics/vector/colorref.cpp...
Generating code for file core_lib/src/graphics/vector/colorref.h...
Generating code for file core_lib/src/graphics/vector/vectorimage.cpp...
Generating code for file core_lib/src/graphics/vector/vectorimage.h...
Generating code for file core_lib/src/graphics/vector/vectorselection.cpp...
Generating code for file core_lib/src/graphics/vector/vectorselection.h...
Generating code for file core_lib/src/graphics/vector/vertexref.cpp...
Generating code for file core_lib/src/graphics/vector/vertexref.h...
Generating code for file core_lib/src/interface/backgroundwidget.cpp...
Generating code for file core_lib/src/interface/backgroundwidget.h...
Generating code for file core_lib/src/interface/backupelement.h...
Generating code for file core_lib/src/interface/basedockwidget.cpp...
Generating code for file core_lib/src/interface/basedockwidget.h...
Generating code for file core_lib/src/interface/editor.cpp...
Generating code for file core_lib/src/interface/editor.h...
Generating code for file core_lib/src/interface/flowlayout.cpp...
Generating code for file core_lib/src/interface/flowlayout.h...
Generating code for file core_lib/src/interface/recentfilemenu.cpp...
Generating code for file core_lib/src/interface/recentfilemenu.h...
Generating code for file core_lib/src/interface/scribblearea.cpp...
Generating code for file core_lib/src/interface/scribblearea.h...
Generating code for file core_lib/src/interface/timecontrols.cpp...
Generating code for file core_lib/src/interface/timecontrols.h...
Generating code for file core_lib/src/interface/timeline.cpp...
Generating code for file core_lib/src/interface/timeline.h...
Generating code for file core_lib/src/interface/timelinecells.cpp...
Generating code for file core_lib/src/interface/timelinecells.h...
Generating code for file core_lib/src/managers/basemanager.cpp...
Generating code for file core_lib/src/managers/basemanager.h...
Generating code for file core_lib/src/managers/colormanager.cpp...
Generating code for file core_lib/src/managers/colormanager.h...
Generating code for file core_lib/src/managers/layermanager.cpp...
Generating code for file core_lib/src/managers/layermanager.h...
Generating code for file core_lib/src/managers/playbackmanager.cpp...
Generating code for file core_lib/src/managers/playbackmanager.h...
Generating code for file core_lib/src/managers/preferencemanager.cpp...
Generating code for file core_lib/src/managers/preferencemanager.h...
Generating code for file core_lib/src/managers/selectionmanager.cpp...
Generating code for file core_lib/src/managers/selectionmanager.h...
Generating code for file core_lib/src/managers/soundmanager.cpp...
Generating code for file core_lib/src/managers/soundmanager.h...
Generating code for file core_lib/src/managers/toolmanager.cpp...
Generating code for file core_lib/src/managers/toolmanager.h...
Generating code for file core_lib/src/managers/viewmanager.cpp...
Generating code for file core_lib/src/managers/viewmanager.h...
Generating code for file core_lib/src/miniz.cpp...
Generating code for file core_lib/src/miniz.h...
Generating code for file core_lib/src/movieexporter.cpp...
Generating code for file core_lib/src/movieexporter.h...
Generating code for file core_lib/src/movieimporter.cpp...
Generating code for file core_lib/src/movieimporter.h...
Generating code for file core_lib/src/qminiz.cpp...
Generating code for file core_lib/src/qminiz.h...
Generating code for file core_lib/src/selectionpainter.cpp...
Generating code for file core_lib/src/selectionpainter.h...
Generating code for file core_lib/src/soundplayer.cpp...
Generating code for file core_lib/src/soundplayer.h...
Generating code for file core_lib/src/structure/camera.cpp...
Generating code for file core_lib/src/structure/camera.h...
Generating code for file core_lib/src/structure/filemanager.cpp...
Generating code for file core_lib/src/structure/filemanager.h...
Generating code for file core_lib/src/structure/keyframe.cpp...
Generating code for file core_lib/src/structure/keyframe.h...
Generating code for file core_lib/src/structure/layer.cpp...
Generating code for file core_lib/src/structure/layer.h...
Generating code for file core_lib/src/structure/layerbitmap.cpp...
Generating code for file core_lib/src/structure/layerbitmap.h...
Generating code for file core_lib/src/structure/layercamera.cpp...
Generating code for file core_lib/src/structure/layercamera.h...
Generating code for file core_lib/src/structure/layersound.cpp...
Generating code for file core_lib/src/structure/layersound.h...
Generating code for file core_lib/src/structure/layervector.cpp...
Generating code for file core_lib/src/structure/layervector.h...
Generating code for file core_lib/src/structure/object.cpp...
Generating code for file core_lib/src/structure/object.h...
Generating code for file core_lib/src/structure/objectdata.cpp...
Generating code for file core_lib/src/structure/objectdata.h...
Generating code for file core_lib/src/structure/soundclip.cpp...
Generating code for file core_lib/src/structure/soundclip.h...
Generating code for file core_lib/src/tool/basetool.cpp...
Generating code for file core_lib/src/tool/basetool.h...
Generating code for file core_lib/src/tool/brushtool.cpp...
Generating code for file core_lib/src/tool/brushtool.h...
Generating code for file core_lib/src/tool/buckettool.cpp...
Generating code for file core_lib/src/tool/buckettool.h...
Generating code for file core_lib/src/tool/erasertool.cpp...
Generating code for file core_lib/src/tool/erasertool.h...
Generating code for file core_lib/src/tool/eyedroppertool.cpp...
Generating code for file core_lib/src/tool/eyedroppertool.h...
Generating code for file core_lib/src/tool/handtool.cpp...
Generating code for file core_lib/src/tool/handtool.h...
Generating code for file core_lib/src/tool/movetool.cpp...
Generating code for file core_lib/src/tool/movetool.h...
Generating code for file core_lib/src/tool/penciltool.cpp...
Generating code for file core_lib/src/tool/penciltool.h...
Generating code for file core_lib/src/tool/pentool.cpp...
Generating code for file core_lib/src/tool/pentool.h...
Generating code for file core_lib/src/tool/polylinetool.cpp...
Generating code for file core_lib/src/tool/polylinetool.h...
Generating code for file core_lib/src/tool/selecttool.cpp...
Generating code for file core_lib/src/tool/selecttool.h...
Generating code for file core_lib/src/tool/smudgetool.cpp...
Generating code for file core_lib/src/tool/smudgetool.h...
Generating code for file core_lib/src/tool/strokemanager.cpp...
Generating code for file core_lib/src/tool/strokemanager.h...
Generating code for file core_lib/src/tool/stroketool.cpp...
Generating code for file core_lib/src/tool/stroketool.h...
Generating code for file core_lib/src/util/blitrect.cpp...
Generating code for file core_lib/src/util/blitrect.h...
Generating code for file core_lib/src/util/bspline.cpp...
Generating code for file core_lib/src/util/colordictionary.h...
Generating code for file core_lib/src/util/fileformat.cpp...
Generating code for file core_lib/src/util/fileformat.h...
Generating code for file core_lib/src/util/filetype.h...
Generating code for file core_lib/src/util/log.cpp...
Generating code for file core_lib/src/util/log.h...
Generating code for file core_lib/src/util/mathutils.h...
Generating code for file core_lib/src/util/movemode.h...
Generating code for file core_lib/src/util/pencildef.h...
Generating code for file core_lib/src/util/pencilerror.cpp...
Generating code for file core_lib/src/util/pencilerror.h...
Generating code for file core_lib/src/util/pencilsettings.cpp...
Generating code for file core_lib/src/util/pencilsettings.h...
Generating code for file core_lib/src/util/pointerevent.cpp...
Generating c/__w/pencil2d/pencil2d/docs/dive-into-code.md:29: warning: unable to resolve reference to `MainWindow2::MainWindow2' for \ref command
/__w/pencil2d/pencil2d/core_lib/src/graphics/bitmap/bitmapimage.cpp:354: warning: explicit link request to 'mImage' could not be resolved
/__w/pencil2d/pencil2d/core_lib/src/canvaspainter.h:91: warning: argument 'The' of command @param is not found in the argument list of CanvasPainter::initializePainter(QPainter &painter, QPixmap &pixmap)
/__w/pencil2d/pencil2d/core_lib/src/canvaspainter.h:91: warning: argument 'The' of command @param is not found in the argument list of CanvasPainter::initializePainter(QPainter &painter, QPixmap &pixmap)
/__w/pencil2d/pencil2d/core_lib/src/canvaspainter.h:91: warning: The following parameters of CanvasPainter::initializePainter(QPainter &painter, QPixmap &pixmap) are not documented:
  parameter 'painter'
  parameter 'pixmap'
ode for file core_lib/src/util/pointerevent.h...
Generating code for file core_lib/src/util/util.cpp...
Generating code for file core_lib/src/util/util.h...
Generating code for file docs/build-options.md...
Generating code for file docs/build_linux.md...
Generating code for file docs/build_mac.md...
Generating code for file docs/build_win.md...
Generating code for file docs/dive-into-code.md...
Generating code for file docs/main.md...
Generating code for file tests/src/catch.hpp...
Generating code for file tests/src/test_bitmapimage.cpp...
Generating code for file tests/src/test_colormanager.cpp...
Generating code for file tests/src/test_filemanager.cpp...
Generating code for file tests/src/test_layer.cpp...
Generating code for file tests/src/test_layermanager.cpp...
Generating code for file tests/src/test_object.cpp...
Generating code for file tests/src/test_viewmanager.cpp...
Generating file documentation...
Generating page documentation...
Generating docs for page md_docs_build-options...
Generating docs for page md_docs_build_linux...
Generating docs for page md_docs_build_mac...
Generating docs for page md_docs_build_win...
Generating docs for page md_docs_dive-into-code...
Generating group documentation...
Generating class documentation...
Generating docs for compound AboutDialog...
Generating docs for compound ActionCommands...
Generating docs for compound ActiveFramePool...
Generating docs for compound BackgroundWidget...
Generating docs for compound BackupBitmapElement...
Generating docs for compound BackupElement...
Generating docs for compound BackupSoundElement...
Generating docs for compound BackupVectorElement...
Generating docs for compound BaseDockWidget...
Generating docs for compound BaseManager...
Generating docs for compound BaseTool...
Generating docs for compound BezierArea...
Generating docs for compound BezierCurve...
Generating docs for compound BitmapImage...
Generating docs for compound BlitRect...
Generating docs for compound BrushTool...
Generating docs for compound BucketTool...
Generating docs for compound Camera...
Generating docs for compound CameraPropertiesDialog...
Generating docs for compound CanvasPainter...
Generating docs for compound CanvasPainterOptions...
Generating docs for compound Catch_global_namespace_dummy...
Generating docs for compound CheckUpdatesDialog...
Generating docs for compound ColorBox...
Generating docs for compound ColorInspector...
Generating docs for compound ColorManager...
Generating docs for compound ColorPaletteWidget...
Generating docs for compound ColorRef...
Generating docs for compound ColorSlider...
Generating docs for compound ColorWheel...
Generating docs for compound DebugDetails...
Generating docs for compound DisplayOptionWidget...
Generating docs for compound DoubleProgressDialog...
Generating docs for nested compound DoubleProgressDialog::ProgressBarControl...
Generating docs for compound Editor...
Generating docs for compound EraserTool...
Generating docs for compound ErrorDialog...
Generating docs for compound ExportImageDialog...
Generating docs for compound ExportMovieDesc...
Generating docs for compound ExportMovieDialog...
Generating docs for compound ExportMovieParameters...
Generating docs for compound EyedropperTool...
Generating docs for compound FileDialog...
Generating docs for compound FileManager...
Generating docs for compound FilesPage...
Generating docs for compound FlowLayout...
Generating docs for compound GeneralPage...
Generating docs for compound HandTool...
Generating docs for compound ImportExportDialog...
Generating docs for compound ImportImageSeqDialog...
Generating docs for compound ImportLayersDialog...
Generating docs for compound ImportPositionDialog...
Generating docs for nested compound ImportPositionDialog::ImportPosition...
Generating docs for compound inflate_state...
Generating docs for compound Intersection...
Generating docs for compound KeyFrame...
Generating docs for compound KeyFrameEventListener...
Generating docs for compound Layer...
Generating docs for compound LayerBitmap...
Generating docs for c/__w/pencil2d/pencil2d/core_lib/src/movieimporter.h:34: warning: The following parameters of MovieImporter::run(const QString &filePath, int fps, FileType type, std::function< void(int)> progress, std::function< void(QString)> progressMessage, std::function< bool()> askPermission) are not documented:
  parameter 'filePath'
  parameter 'fps'
/__w/pencil2d/pencil2d/core_lib/src/graphics/vector/vectorimage.cpp:1822: warning: argument 'QList' of command @param is not found in the argument list of VectorImage::fillContour(QList< QPointF > contourPath, int color)
/__w/pencil2d/pencil2d/core_lib/src/graphics/vector/vectorimage.cpp:1822: warning: argument 'QPointF' of command @param is not found in the argument list of VectorImage::fillContour(QList< QPointF > contourPath, int color)
/__w/pencil2d/pencil2d/core_lib/src/graphics/vector/vectorimage.cpp:1822: warning: argument 'int' of command @param is not found in the argument list of VectorImage::fillContour(QList< QPointF > contourPath, int color)
/__w/pencil2d/pencil2d/core_lib/src/graphics/vector/vectorimage.cpp:1822: warning: The following parameters of VectorImage::fillContour(QList< QPointF > contourPath, int color) are not documented:
  parameter 'contourPath'
  parameter 'color'
/__w/pencil2d/pencil2d/core_lib/src/graphics/vector/vectorimage.cpp:1782: warning: argument 'QPointF' of command @param is not found in the argument list of VectorImage::fillSelectedPath(int color)
/__w/pencil2d/pencil2d/core_lib/src/graphics/vector/vectorimage.cpp:1782: warning: argument 'int' of command @param is not found in the argument list of VectorImage::fillSelectedPath(int color)
/__w/pencil2d/pencil2d/core_lib/src/graphics/vector/vectorimage.cpp:1782: warning: The following parameters of VectorImage::fillSelectedPath(int color) are not documented:
  parameter 'color'
/__w/pencil2d/pencil2d/core_lib/src/graphics/vector/vectorimage.cpp:2299: warning: argument 'QPointF' of command @param is not found in the argument list of VectorImage::removeArea(QPointF point)
/__w/pencil2d/pencil2d/core_lib/src/graphics/vector/vectorimage.cpp:2299: warning: The following parameters of VectorImage::removeArea(QPointF point) are not documented:
  parameter 'point'
/__w/pencil2d/pencil2d/core_lib/src/graphics/vector/vectorimage.cpp:2314: warning: argument 'BezierArea' of command @param is not found in the argument list of VectorImage::removeAreaInCurve(int curve, int areaNumber)
/__w/pencil2d/pencil2d/core_lib/src/graphics/vector/vectorimage.cpp:2314: warning: The following parameters of VectorImage::removeAreaInCurve(int curve, int areaNumber) are not documented:
  parameter 'curve'
  parameter 'areaNumber'
/__w/pencil2d/pencil2d/core_lib/src/graphics/vector/vectorimage.cpp:645: warning: argument 'yesOrNo' of command @param is not found in the argument list of VectorImage::setSelected(QList< int > curveList, bool YesOrNo)
/__w/pencil2d/pencil2d/core_lib/src/graphics/vector/vectorimage.cpp:645: warning: The following parameters of VectorImage::setSelected(QList< int > curveList, bool YesOrNo) are not documented:
  parameter 'YesOrNo'
/__w/pencil2d/pencil2d/core_lib/src/graphics/vector/vectorimage.cpp:658: warning: argument 'QList' of command @param is not found in the argument list of VectorImage::setSelected(QList< VertexRef > vertexList, bool YesOrNo)
/__w/pencil2d/pencil2d/core_lib/src/graphics/vector/vectorimage.cpp:658: warning: argument 'VertexRef' of command @param is not found in the argument list of VectorImage::setSelected(QList< VertexRef > vertexList, bool YesOrNo)
/__w/pencil2d/pencil2d/core_lib/src/graphics/vector/vectorimage.cpp:658: warning: The following parameters of VectorImage::setSelected(QList< VertexRef > vertexList, bool YesOrNo) are not documented:
  parameter 'vertexList'
ompound LayerCamera...
Generating docs for compound LayerManager...
Generating docs for compound LayerSound...
Generating docs for compound LayerVector...
Generating docs for compound MainWindow2...
Generating docs for compound MoveTool...
Generating docs for compound MovieExporter...
Generating docs for compound MovieImporter...
Generating docs for compound mz_dummy_time_t_tag...
Generating docs for compound mz_stream_s...
Generating docs for compound mz_zip_archive...
Generating docs for compound mz_zip_archive_file_stat...
Generating docs for compound mz_zip_array...
Generating docs for compound mz_zip_internal_state_tag...
Generating docs for compound mz_zip_reader_extract_iter_state...
Generating docs for compound mz_zip_writer_add_state...
Generating docs for compound Object...
Generating docs for compound ObjectData...
Generating docs for compound OnionSkinWidget...
Generating docs for compound PegBarAlignmentDialog...
Generating docs for compound PencilApplication...
Generating docs for compound PencilTool...
Generating docs for compound PenTool...
Generating docs for compound PlaybackManager...
Generating docs for compound PointerEvent...
Generating docs for compound PolylineTool...
Generating docs for compound PopupColorPaletteWidget...
Generating docs for compound PredefinedKeySet...
Generating docs for compound PredefinedKeySetParams...
Generating docs for compound PredefinedSetModel...
Generating docs for compound PreferenceManager...
Generating docs for compound PreferencesDialog...
Generating docs for compound PresetDialog...
Generating docs for compound PreviewCanvas...
Generating docs for compound PreviewWidget...
Generating docs for compound Properties...
Generating docs for compound QList...
Generating docs for compound RecentFileMenu...
Generating docs for compound ScopeGuard...
Generating docs for compound ScribbleArea...
Generating docs for compound SelectionManager...
Generating docs for compound SelectionPainter...
Generating docs for compound SelectTool...
Generating docs for compound ShortcutFilter...
Generating docs for compound ShortcutsPage...
Generating docs for compound SmudgeTool...
Generating docs for compound SoundClip...
Generating docs for compound SoundManager...
Generating docs for compound SoundPlayer...
Generating docs for compound SpinSlider...
Generating docs for compound Status...
Generating docs for nested compound Status::StatusInt...
Generating docs for compound StrokeManager...
Generating docs for compound StrokeTool...
Generating docs for compound tdefl_compressor...
Generating docs for compound tdefl_output_buffer...
Generating docs for compound tdefl_sym_freq...
Generating docs for compound TimeControls...
Generating docs for compound TimeLine...
Generating docs for compound Timeline2...
Generating docs for compound TimeLineCells...
Generating docs for compound TimelinePage...
Generating docs for compound tinfl_decompressor_tag...
Generating docs for compound tinfl_huff_table...
Generating docs for compound ToolBoxWidget...
Generating docs for compound ToolManager...
Generating docs for compound ToolOptionWidget...
Generating docs for compound ToolsPage...
Generating docs for compound TransformParameters...
Generating docs for compound VectorImage...
Generating docs for compound VectorSelection...
Generating docs for compound VertexRef...
Generating docs for compound ViewManager...
Generating namespace index...
Generating docs for compound Catch::CaseSensitive...
Generating docs for compound Catch::NonCopyable...
Generating docs for compound Catch::SourceLineInfo...
Generating docs for compound Catch::StreamEndStop...
Generating docs for compound Catch::RegistrarForTagAliases...
Generating docs for compound Catch::ITestInvoker...
Generating docs for compound Catch::ITestCaseRegistry...
Generating docs for compound Catch::StringRef...
Generating docs for compound Catch::is_unique...
Generating docs for compound Catch::is_unique< T0, T1, Rest...>...
Generating docs for compound Catch::TestInvokerAsMethod...
Generating docs for compound Catch::NameAndTags...
Generating docs for compound Catch::AutoReg...
Generating docs for compound Catch::ResultWas...
Generating docs for compound Catch::ResultDisposition...
Generating docs for compound Catch::AssertionInfo...
Generating docs for compound Catch::IStream...
Generating docs for compound Catch::ReusableStringStream...
Generating docs for compound Catch::StringMaker...
Generating docs for compound Catch::StringMaker< std::string >...
Generating docs for compound Catch::StringMaker< char const * >...
Generating docs for compound Catch::StringMaker< char * >...
Generating docs for compound Catch::StringMaker< std::wstring >...
Generating docs for compound Catch::StringMaker< wchar_t const * >...
Generating docs for compound Catch::StringMaker< wchar_t * >...
Generating docs for compound Catch::StringMaker< char[SZ]>...
Generating docs for compound Catch::StringMaker< signed char[SZ]>...
Generating docs for compound Catch::StringMaker< unsigned char[SZ]>...
Generating docs for compound Catch::StringMaker< int >...
Generating docs for compound Catch::StringMaker< long >...
Generating docs for compound Catch::StringMaker< long long >...
Generating docs for compound Catch::StringMaker< unsigned int >...
Generating docs for compound Catch::StringMaker< unsigned long >...
Generating docs for compound Catch::StringMaker< unsigned long long >...
Generating docs for compound Catch::StringMaker< bool >...
Generating docs for compound Catch::StringMaker< char >...
Generating docs for compound Catch::StringMaker< signed char >...
Generating docs for compound Catch::StringMaker< unsigned char >...
Generating docs for compound Catch::StringMaker< std::nullptr_t >...
Generating docs for compound Catch::StringMaker< float >...
Generating docs for compound Catch::StringMaker< double >...
Generating docs for compound Catch::StringMaker< T * >...
Generating docs for compound Catch::StringMaker< R C::* >...
Generating docs for compound Catch::not_this_one...
Generating docs for compound Catch::is_range...
Generating docs for compound Catch::StringMaker< R, typename std::enable_if< is_range< R >::value &&!::Catch::Detail::IsStreamInsertable< R >::value >::type >...
Generating docs for compound Catch::StringMaker< T[SZ]>...
Generating docs for compound Catch::ITransientExpression...
Generating docs for compound Catch::BinaryExpr...
Generating docs for compound Catch::UnaryExpr...
Generating docs for compound Catch::ExprLhs...
Generating docs for compound Catch::Decomposer...
Generating docs for compound Catch::IResultCapture...
Generating docs for compound Catch::TestFailureException...
Generating docs for compound Catch::LazyExpression...
Generating docs for compound Catch::AssertionReaction...
Generating docs for compound Catch::AssertionHandler...
Generating docs for compound Catch::MessageInfo...
Generating docs for compound Catch::MessageStream...
Generating docs for compound Catch::MessageBuilder...
Generating docs for compound Catch::ScopedMessage...
Generating docs for compound Catch::Capturer...
Generating docs for compound Catch::Counts...
Generating docs for compound Catch::Totals...
Generating docs for compound Catch::SectionInfo...
Generating docs for compound Catch::SectionEndInfo...
Generating docs for compound Catch::Timer...
Generating docs for compound Catch::Section...
Generating docs for compound Catch::BenchmarkLooper...
Generating docs for compound Catch::IRegistryHub...
Generating docs for compound Catch::IMutableRegistryHub...
Generating docs for compound Catch::IExceptionTranslator...
Generating docs for compound Catch::IExceptionTranslatorRegistry...
Generating docs for compound Catch::ExceptionTranslatorRegistrar...
Generating docs for nested compound Catch::ExceptionTranslatorRegistrar::ExceptionTranslator...
Generating docs for compound Catch::StringMaker< Catch::Detail::Approx >...
Generating docs for compound Catch::pluralise...
Generating docs for compound Catch::MatchExpr...
Generating docs for compound Catch::IGeneratorTracker...
Generating docs for compound Catch::TestCaseInfo...
Generating docs for compound Catch::TestCase...
Genera/__w/pencil2d/pencil2d/docs/main.md:25: warning: explicit link request to 'pencil2d' could not be resolved
/__w/pencil2d/pencil2d/docs/main.md:26: warning: explicit link request to 'general' could not be resolved
ting docs for compound Catch::IRunner...
Generating docs for compound Catch::Detail::IsStreamInsertable...
Generating docs for compound Catch::Detail::Approx...
Generating docs for compound Catch::Generators::GeneratorBase...
Generating docs for compound Catch::Generators::IGenerator...
Generating docs for compound Catch::Generators::SingleValueGenerator...
Generating docs for compound Catch::Generators::FixedValuesGenerator...
Generating docs for compound Catch::Generators::RangeGenerator...
Generating docs for compound Catch::Generators::NullGenerator...
Generating docs for compound Catch::Generators::Generator...
Generating docs for compound Catch::Generators::GeneratorRandomiser...
Generating docs for compound Catch::Generators::RequiresASpecialisationFor...
Generating docs for compound Catch::Generators::Generators...
Generating docs for compound Catch::Matchers::Floating::WithinAbsMatcher...
Generating docs for compound Catch::Matchers::Floating::WithinUlpsMatcher...
Generating docs for compound Catch::Matchers::Generic::PredicateMatcher...
Generating docs for compound Catch::Matchers::Impl::MatchAllOf...
Generating docs for compound Catch::Matchers::Impl::MatchAnyOf...
Generating docs for compound Catch::Matchers::Impl::MatchNotOf...
Generating docs for compound Catch::Matchers::Impl::MatcherUntypedBase...
Generating docs for compound Catch::Matchers::Impl::MatcherMethod...
Generating docs for compound Catch::Matchers::Impl::MatcherBase...
Generating docs for compound Catch::Matchers::StdString::CasedString...
Generating docs for compound Catch::Matchers::StdString::StringMatcherBase...
Generating docs for compound Catch::Matchers::StdString::EqualsMatcher...
Generating docs for compound Catch::Matchers::StdString::ContainsMatcher...
Generating docs for compound Catch::Matchers::StdString::StartsWithMatcher...
Generating docs for compound Catch::Matchers::StdString::EndsWithMatcher...
Generating docs for compound Catch::Matchers::StdString::RegexMatcher...
Generating docs for compound Catch::Matchers::Vector::ContainsElementMatcher...
Generating docs for compound Catch::Matchers::Vector::ContainsMatcher...
Generating docs for compound Catch::Matchers::Vector::EqualsMatcher...
Generating docs for compound Catch::Matchers::Vector::UnorderedEqualsMatcher...
Generating graph info page...
Generating directory documentation...
Generating index page...
Generating page index...
Generating module index...
Generating namespace index...
Generating namespace member index...
Generating annotated compound index...
Generating alphabetical compound index...
Generating hierarchical class index...
Generating member index...
Generating file index...
Generating file member index...
Generating example index...
finalizing index lists...
lookup cache used 10663/65536 hits=94762 misses=10967
finished...
